Aug 25 22:08 : added yourepitiful.mp3
Aug 25 17:44 : removing: yourepitiful.mp3
Aug 25 21:14 : added audio/naheulbeuk-bonus/donjon-le-vieux-gildas.mp3
Aug 25 21:14 : added audio/naheulbeuk-bonus/donjon-polka-du-menestrel.mp3
Aug 26 01:07 : added audio/survivaure/survivaure_episode_7.mp3
Aug 26 01:07 : added audio/survivaure/survivaure_episode_5_et_demie.mp3
Aug 26 01:07 : added audio/survivaure/survivaure_episode_1.mp3
Aug 26 01:07 : added audio/survivaure/survivaure_episode_14.mp3
Aug 26 01:07 : added audio/survivaure/survivaure_episode_12.mp3
Aug 26 01:07 : added audio/survivaure/survivaure_episode_10.mp3
Aug 26 01:07 : added audio/survivaure/survivaure_episode_9.mp3
Aug 26 01:07 : added audio/survivaure/survivaure_episode_5.mp3
Aug 26 01:07 : added audio/survivaure/survivaure_episode_11.mp3
Aug 26 01:07 : added audio/survivaure/survivaure_episode_6.mp3
Aug 26 01:07 : added audio/survivaure/survivaure_episode_13.mp3
Aug 26 01:07 : added audio/survivaure/bande_annonce_survivaure.mp3
Aug 26 01:07 : added audio/survivaure/survivaure_episode_3.mp3
Aug 26 01:07 : added audio/survivaure/survivaure_episode_2.mp3
Aug 26 01:07 : added audio/survivaure/survivaure_episode_8.mp3
Aug 26 01:07 : added audio/survivaure/survivaure_episode_4.mp3
Aug 26 01:07 : added audio/rda/RDA01.mp3
Aug 26 01:07 : added audio/rda/RDA07.mp3
Aug 26 01:07 : added audio/rda/RDA09.mp3
Aug 26 01:07 : added audio/rda/RDA05.mp3
Aug 26 01:07 : added audio/rda/RDA02.mp3
Aug 26 01:07 : added audio/rda/RDA13.mp3
Aug 26 01:07 : added audio/rda/RDA03.mp3
Aug 26 01:07 : added audio/rda/RDA12.mp3
Aug 26 01:07 : added audio/rda/RDA08.mp3
Aug 26 01:07 : added audio/rda/RDA10.mp3
Aug 26 01:07 : added audio/rda/RDA06.mp3
Aug 26 01:07 : added audio/rda/RDA04.mp3
Aug 26 01:07 : added audio/rda/RDA11.mp3
Aug 26 01:07 : added audio/naheulbeuk-chanson/donjon-rienadire.mp3
Aug 26 01:07 : added audio/naheulbeuk-chanson/donjon-le-vieux-gildas.mp3
Aug 26 01:07 : added audio/naheulbeuk-chanson/donjon-marchebarbare.mp3
Aug 26 01:07 : added audio/naheulbeuk-chanson/donjon-polka-du-menestrel.mp3
Aug 26 01:07 : added audio/naheulbeuk-chanson/donjon-Massacronsnousdanslataverne.mp3
Aug 26 01:07 : added audio/naheulbeuk-chanson/donjon-chaussettes-du-nain.mp3
Aug 26 01:07 : added audio/naheulbeuk-chanson/donjon-beatlesrevenge.mp3
Aug 26 01:07 : added audio/naheulbeuk-chanson/donjon-letalent.mp3
Aug 26 01:07 : added audio/naheulbeuk-chanson/donjon-newtrollfarceur.mp3
Aug 26 01:07 : added audio/naheulbeuk-chanson/donjon-alaventure.mp3
Aug 26 01:07 : removing: audio/naheulbeuk-bonus/donjon-le-vieux-gildas.mp3
Aug 26 01:07 : removing: audio/naheulbeuk-bonus/donjon-polka-du-menestrel.mp3
Aug 26 01:07 : added audio/naheulbeuk-bonus/donjon-pub-lebohaum.mp3
Aug 26 01:07 : added audio/naheulbeuk-bonus/donjon-pub-facile.mp3
Aug 26 01:07 : added audio/naheulbeuk-bonus/Crevetola-liveloco.mp3
Aug 26 01:07 : added audio/naheulbeuk-bonus/NBK-Sonnerie10-niveaudunain.mp3
Aug 26 01:07 : added audio/naheulbeuk-bonus/donjon-ba.mp3
Aug 26 01:07 : added audio/naheulbeuk-bonus/NBK-Sonnerie11-reveiltambourin.mp3
Aug 26 01:07 : added audio/naheulbeuk-bonus/NBK-Sonnerie06-gurdilkazoo.mp3
Aug 26 01:07 : added audio/naheulbeuk-bonus/donjon-pub-crevetola01.mp3
Aug 26 01:07 : added audio/naheulbeuk-bonus/NBK-Sonnerie08-barbarenain.mp3
Aug 26 01:07 : added audio/naheulbeuk-bonus/donjon-pub-massespaf01.mp3
Aug 26 01:07 : added audio/naheulbeuk-bonus/NBK-Sonnerie05-magotteimpatiente.mp3
Aug 26 01:07 : added audio/naheulbeuk-bonus/NBK-Sonnerie13-zangdar.mp3
Aug 26 01:07 : added audio/naheulbeuk-bonus/NBK-Sonnerie03-rangerprisonnier.mp3
Aug 26 01:07 : added audio/naheulbeuk-bonus/NBK-Sonnerie09-gobelin.mp3
Aug 26 01:07 : added audio/naheulbeuk-bonus/donjon-repondeurs.mp3
Aug 26 01:07 : added audio/naheulbeuk-bonus/donjon-lesscenescoupees.mp3
Aug 26 01:07 : added audio/naheulbeuk-bonus/donjon-pub-massespaf02.mp3
Aug 26 01:07 : added audio/naheulbeuk-bonus/donjon-elysee.mp3
Aug 26 01:07 : added audio/naheulbeuk-bonus/donjon-pub-loreliane01.mp3
Aug 26 01:07 : added audio/naheulbeuk-bonus/NBK-Sonnerie07-gurdilkazoo02.mp3
Aug 26 01:07 : added audio/naheulbeuk-bonus/donjon-BA-couettedeloubli.mp3
Aug 26 01:07 : added audio/naheulbeuk-bonus/Durandil-liveloco.mp3
Aug 26 01:07 : added audio/naheulbeuk-bonus/laviedaventurier.mp3
Aug 26 01:07 : added audio/naheulbeuk-bonus/NBK-Sonnerie01-casonne.mp3
Aug 26 01:07 : added audio/naheulbeuk-bonus/NBK-Sonnerie04-elfechante.mp3
Aug 26 01:07 : added audio/naheulbeuk-bonus/donjon-pub-chiantos.mp3
Aug 26 01:07 : added audio/naheulbeuk-bonus/donjon-lesscenescoupees02.mp3
Aug 26 01:07 : added audio/naheulbeuk-bonus/donjon-pub-massespaf03.mp3
Aug 26 01:07 : added audio/naheulbeuk-bonus/NBK-Sonnerie02-peluchedunain.mp3
Aug 26 01:07 : added audio/naheulbeuk-bonus/donjon-pub-gorzyne.mp3
Aug 26 01:07 : added audio/naheulbeuk-bonus/donjon-quebec.mp3
Aug 26 01:07 : added audio/naheulbeuk-bonus/donjon-pub-durandil.mp3
Aug 26 01:07 : added audio/naheulbeuk-bonus/NBK-Sonnerie12-tildidibah.mp3
Aug 26 01:07 : added audio/adoprixtoxis/11 - Adoprixtoxis TERMINUS.mp3
Aug 26 01:07 : added audio/adoprixtoxis/12 - Adoprixtoxis VROUM.mp3
Aug 26 01:07 : added audio/adoprixtoxis/13 - Adoprixtoxis BLANQUETTE DE VEAU.mp3
Aug 26 01:07 : added audio/adoprixtoxis/16 - Adoprixtoxis HYPERESPACE.mp3
Aug 26 01:07 : added audio/adoprixtoxis/04-Adoprixtoxis-LA-GRANDE-EVASION.mp3
Aug 26 01:07 : added audio/adoprixtoxis/05 - Adoprixtoxis LES EGOUTS.mp3
Aug 26 01:07 : added audio/adoprixtoxis/14 - Adoprixtoxis EPAVE.mp3
Aug 26 01:07 : added audio/adoprixtoxis/Petite Pub Bonus.mp3
Aug 26 01:07 : added audio/adoprixtoxis/02v2 - Adoprixtoxis RENCONTRE DU 3e TYPE.mp3
Aug 26 01:07 : added audio/adoprixtoxis/10 - Adoprixtoxis GLAGLA 1.mp3
Aug 26 01:07 : added audio/adoprixtoxis/08 - Adoprixtoxis LA ZONE 51.mp3
Aug 26 01:07 : added audio/adoprixtoxis/15 - Adoprixtoxis PHASE 2.mp3
Aug 26 01:07 : added audio/adoprixtoxis/03-Adoprixtoxis-ON-A-PAS-TROUVE-DE-TITRE.mp3
Aug 26 01:07 : added audio/adoprixtoxis/09 - Adoprixtoxis LE 9e EPISODE.mp3
Aug 26 01:07 : added audio/adoprixtoxis/06-Adoprixtoxis LA SUITE DU 5e .mp3
Aug 26 01:07 : added audio/adoprixtoxis/01v2 - Adoprixtoxis LE NAUFRAGE.mp3
Aug 26 01:07 : added audio/adoprixtoxis/07-Adoprixtoxis-LES ABYSSES 1.mp3
Aug 26 01:07 : added audio/adoprixtoxis/17- Adoprixtoxis LE DEBUT DE LA FIN.mp3
Aug 26 01:07 : added audio/survivaure-bonus/elle-est-partie.mp3
Aug 26 01:07 : added audio/survivaure-bonus/pub-spatio-bricolo.mp3
Aug 26 01:07 : added audio/survivaure-bonus/pub-lost-frontier-1.mp3
Aug 26 01:07 : added audio/naheulbeuk/saison1/donjon-de-naheulbeuk04.mp3
Aug 26 01:07 : added audio/naheulbeuk/saison1/donjon-de-naheulbeuk03.mp3
Aug 26 01:07 : added audio/naheulbeuk/saison1/donjon-de-naheulbeuk13.mp3
Aug 26 01:07 : added audio/naheulbeuk/saison1/donjon-de-naheulbeuk01.mp3
Aug 26 01:07 : added audio/naheulbeuk/saison1/donjon-de-naheulbeuk06.mp3
Aug 26 01:07 : added audio/naheulbeuk/saison1/donjon-de-naheulbeuk14.mp3
Aug 26 01:07 : added audio/naheulbeuk/saison1/donjon-de-naheulbeuk12.mp3
Aug 26 01:07 : added audio/naheulbeuk/saison1/donjon-de-naheulbeuk07.mp3
Aug 26 01:07 : added audio/naheulbeuk/saison1/donjon-de-naheulbeuk09.mp3
Aug 26 01:07 : added audio/naheulbeuk/saison1/donjon-de-naheulbeuk15.mp3
Aug 26 01:07 : added audio/naheulbeuk/saison1/donjon-de-naheulbeuk11.mp3
Aug 26 01:07 : added audio/naheulbeuk/saison1/donjon-de-naheulbeuk02.mp3
Aug 26 01:07 : added audio/naheulbeuk/saison1/donjon-de-naheulbeuk05.mp3
Aug 26 01:07 : added audio/naheulbeuk/saison1/donjon-de-naheulbeuk08.mp3
Aug 26 01:07 : added audio/naheulbeuk/saison1/donjon-de-naheulbeuk10.mp3
Aug 26 01:07 : added audio/naheulbeuk/saison2/donjon-de-naheulbeuk19.mp3
Aug 26 01:07 : added audio/naheulbeuk/saison2/donjon-de-naheulbeuk23.mp3
Aug 26 01:07 : added audio/naheulbeuk/saison2/donjon-de-naheulbeuk21-1.mp3
Aug 26 01:07 : added audio/naheulbeuk/saison2/donjon-de-naheulbeuk26-2.mp3
Aug 26 01:07 : added audio/naheulbeuk/saison2/donjon-de-naheulbeuk27-1.mp3
Aug 26 01:07 : added audio/naheulbeuk/saison2/donjon-de-naheulbeuk21-2.mp3
Aug 26 01:07 : added audio/naheulbeuk/saison2/donjon-de-naheulbeuk17.mp3
Aug 26 01:07 : added audio/naheulbeuk/saison2/donjon-de-naheulbeuk24.mp3
Aug 26 01:07 : added audio/naheulbeuk/saison2/donjon-de-naheulbeuk28.mp3
Aug 26 01:07 : added audio/naheulbeuk/saison2/donjon-de-naheulbeuk16.mp3
Aug 26 01:07 : added audio/naheulbeuk/saison2/donjon-de-naheulbeuk20.mp3
Aug 26 01:07 : added audio/naheulbeuk/saison2/donjon-de-naheulbeuk27-2.mp3
Aug 26 01:07 : added audio/naheulbeuk/saison2/donjon-de-naheulbeuk22.mp3
Aug 26 01:07 : added audio/naheulbeuk/saison2/donjon-de-naheulbeuk30-1.mp3
Aug 26 01:07 : added audio/naheulbeuk/saison2/donjon-de-naheulbeuk29.mp3
Aug 26 01:07 : added audio/naheulbeuk/saison2/donjon-de-naheulbeuk18.mp3
Aug 26 01:07 : added audio/naheulbeuk/saison2/donjon-de-naheulbeuk26-1.mp3
Aug 26 01:07 : added audio/naheulbeuk/saison2/donjon-de-naheulbeuk25.mp3
Aug 26 01:07 : added audio/naheulbeuk/saison2/donjon-de-naheulbeuk30-2.mp3
Aug 29 16:53 : added audio/tour_de_baal/Episode4.mp3
Aug 29 16:53 : added audio/tour_de_baal/Episode1.mp3
Aug 29 16:53 : added audio/tour_de_baal/Episode3.mp3
Aug 29 16:53 : added audio/tour_de_baal/Episode7.mp3
Aug 29 16:53 : added audio/tour_de_baal/Episode2.mp3
Aug 29 16:53 : added audio/tour_de_baal/Episode5.mp3
Aug 29 16:53 : added audio/tour_de_baal/Episode8.mp3
Aug 29 16:53 : added audio/tour_de_baal/Episode9.mp3
Aug 29 16:53 : added audio/tour_de_baal/Episode6.mp3
Aug 29 16:53 : added audio/tour_de_baal-bonus/Ancienepisode1.mp3
Aug 29 16:53 : added audio/tour_de_baal-bonus/Pub-Dimmu.mp3
Aug 29 16:53 : added audio/tour_de_baal-bonus/Informatique.mp3
Aug 29 16:53 : added audio/tour_de_baal-bonus/Pendu.mp3
Aug 29 16:53 : added audio/tour_de_baal-bonus/jdr01.mp3
Aug 29 16:53 : added audio/tour_de_baal-bonus/Pub-squeek.mp3
Aug 29 16:53 : added audio/tour_de_baal-bonus/Amorce.mp3
Aug 29 16:53 : added audio/tour_de_baal-bonus/Betisier.mp3
Aug 29 16:53 : added audio/tour_de_baal-bonus/Roue.mp3
Sep 05 23:51 : added audio/escamlote/Escamlote - Episode 01.mp3
Sep 05 23:51 : added audio/escamlote/Escamlote - Bande Annonce.mp3
Sep 05 23:51 : added audio/3eme_legion/saison1/La IIIКme LВgion - Episode 11.mp3
Sep 05 23:51 : added audio/3eme_legion/saison1/episode 20.mp3
Sep 05 23:51 : added audio/3eme_legion/saison1/La IIIКme LВgion - Episode 2.mp3
Sep 05 23:51 : added audio/3eme_legion/saison1/La IIIКme LВgion - Episode 9.mp3
Sep 05 23:51 : added audio/3eme_legion/saison1/La IIIКme LВgion - Episode 17.mp3
Sep 05 23:51 : added audio/3eme_legion/saison1/La IIIКme LВgion - Episode 3.mp3
Sep 05 23:51 : added audio/3eme_legion/saison1/La IIIКme LВgion - Episode 1 (Partie 1).mp3
Sep 05 23:51 : added audio/3eme_legion/saison1/La IIIКme LВgion - Episode 16.mp3
Sep 05 23:51 : added audio/3eme_legion/saison1/La IIIКme LВgion - Episode 18.mp3
Sep 05 23:51 : added audio/3eme_legion/saison1/La IIIКme LВgion - Episode 5.mp3
Sep 05 23:51 : added audio/3eme_legion/saison1/La IIIКme LВgion- Episode 12.mp3
Sep 05 23:51 : added audio/3eme_legion/saison1/La IIIКme LВgion - Episode 1 (Partie 2).mp3
Sep 05 23:51 : added audio/3eme_legion/saison1/La IIIшme Lщgion - Episode 15.mp3
Sep 05 23:51 : added audio/3eme_legion/saison1/La IIIКme LВgion - Episode 10.mp3
Sep 05 23:51 : added audio/3eme_legion/saison1/La IIIКme LВgion - Episode 19.mp3
Sep 05 23:51 : added audio/3eme_legion/saison1/La IIIКme LВgion - Episode 13.mp3
Sep 05 23:51 : added audio/3eme_legion/saison1/Вpisode21.mp3
Sep 05 23:51 : added audio/3eme_legion/saison1/La IIIКme LВgion - Episode 8.mp3
Sep 05 23:51 : added audio/3eme_legion/saison1/La IIIКme LВgion - Episode 6.mp3
Sep 05 23:51 : added audio/3eme_legion/saison1/La IIIКme LВgion - Episode 4.mp3
Sep 05 23:51 : added audio/3eme_legion/saison1/La IIIКme LВgion - Episode 7.mp3
Sep 05 23:51 : added audio/3eme_legion/saison1/La IIIКme LВgion - Episode 14.mp3
Sep 05 23:51 : added audio/3eme_legion/saison2/Episode 2-1.mp3
Sep 05 23:51 : added audio/3eme_legion/saison2/ep2-2.mp3
Sep 05 23:51 : added audio/banal_reality_vi/Banal Reality VI - Episode VI - Partie I - Une Caresse Bien Profonde.mp3
Sep 05 23:51 : added audio/banal_reality_vi/Banal Reality VI - Episode I - Effets Secondaires.mp3
Sep 05 23:51 : added audio/banal_reality_vi/Banal Reality VI - Episode II - The Grut Escape.mp3
Sep 05 23:51 : added audio/banal_reality_vi/Banal Reality VI - Episode V - Octopushit.mp3
Sep 05 23:51 : added audio/banal_reality_vi/Banal Reality VI - Episode IV - Hard Sabine Gay.mp3
Sep 05 23:51 : added audio/banal_reality_vi/Banal Reality VI - Episode III - Noooooon.mp3
Sep 05 23:51 : added audio/banal_reality_vi/Banal Reality VI - Episode III - Politiquement Geisha.mp3
Sep 05 23:51 : added audio/banal_reality_vi/Banal Reality VI - Episode IV - Off - Mercenaire.wav
Sep 05 23:51 : added audio/banal_fantasy2/chapitre3/Banal Fantasy 2 - Episode 28.mp3
Sep 05 23:51 : added audio/banal_fantasy2/chapitre3/Banal Fantasy 2 - Episode 23.mp3
Sep 05 23:51 : added audio/banal_fantasy2/chapitre3/Banal Fantasy 2 - Episode 24.mp3
Sep 05 23:51 : added audio/banal_fantasy2/chapitre3/Banal Fantasy 2 - Episode 22.mp3
Sep 05 23:51 : added audio/banal_fantasy2/chapitre3/Banal Fantasy 2 - Episode 25.mp3
Sep 05 23:51 : added audio/banal_fantasy2/chapitre3/Banal Fantasy 2 - Episode 27.mp3
Sep 05 23:51 : added audio/banal_fantasy2/chapitre3/Banal Fantasy 2 - Episode 26.mp3
Sep 05 23:51 : added audio/banal_fantasy2/chapitre3/Banal Fantasy 2 - Episode 21.mp3
Sep 05 23:51 : added audio/banal_fantasy2/chapitre3/Banal Fantasy 2 - Episode 30.mp3
Sep 05 23:51 : added audio/banal_fantasy2/chapitre3/Banal Fantasy 2 - Episode 29.mp3
Sep 05 23:51 : added audio/banal_fantasy2/chapitre4/Banal Fantasy 2 - Episode 15.mp3
Sep 05 23:51 : added audio/banal_fantasy2/chapitre4/Banal Fantasy 2 - Episode 28.mp3
Sep 05 23:51 : added audio/banal_fantasy2/chapitre4/Banal Fantasy 2 - Episode 02.mp3
Sep 05 23:51 : added audio/banal_fantasy2/chapitre4/Banal Fantasy 2 - Episode 31.mp3
Sep 05 23:51 : added audio/banal_fantasy2/chapitre4/Banal Fantasy 2 - Episode 19.mp3
Sep 05 23:51 : added audio/banal_fantasy2/chapitre4/Banal Fantasy 2 - Episode 23.mp3
Sep 05 23:51 : added audio/banal_fantasy2/chapitre4/Banal Fantasy 2 - Episode 14.mp3
Sep 05 23:51 : added audio/banal_fantasy2/chapitre4/Banal Fantasy 2 - Episode 16.mp3
Sep 05 23:51 : added audio/banal_fantasy2/chapitre4/Banal Fantasy 2 - Episode 12.mp3
Sep 05 23:51 : added audio/banal_fantasy2/chapitre4/Banal Fantasy 2 - Episode 06.mp3
Sep 05 23:51 : added audio/banal_fantasy2/chapitre4/Banal Fantasy 2 - Episode 20.mp3
Sep 05 23:51 : added audio/banal_fantasy2/chapitre4/Banal Fantasy 2 - Episode 03.mp3
Sep 05 23:51 : added audio/banal_fantasy2/chapitre4/Banal Fantasy 2 - Episode 24.mp3
Sep 05 23:51 : added audio/banal_fantasy2/chapitre4/Banal Fantasy 2 - Episode 07.mp3
Sep 05 23:51 : added audio/banal_fantasy2/chapitre4/Banal Fantasy 2 - Episode 17.mp3
Sep 05 23:51 : added audio/banal_fantasy2/chapitre4/Banal Fantasy 2 - Episode 22.mp3
Sep 05 23:51 : added audio/banal_fantasy2/chapitre4/Banal Fantasy 2 - Episode 25.mp3
Sep 05 23:51 : added audio/banal_fantasy2/chapitre4/Banal Fantasy 2 - Episode 27.mp3
Sep 05 23:51 : added audio/banal_fantasy2/chapitre4/Banal Fantasy 2 - Episode 01.mp3
Sep 05 23:51 : added audio/banal_fantasy2/chapitre4/Banal Fantasy 2 - Episode 10.mp3
Sep 05 23:51 : added audio/banal_fantasy2/chapitre4/Banal Fantasy 2 - Episode 11.mp3
Sep 05 23:51 : added audio/banal_fantasy2/chapitre4/Banal Fantasy 2 - Episode 09.mp3
Sep 05 23:51 : added audio/banal_fantasy2/chapitre4/Banal Fantasy 2 - Episode 08.mp3
Sep 05 23:51 : added audio/banal_fantasy2/chapitre4/Banal Fantasy 2 - Episode 26.mp3
Sep 05 23:51 : added audio/banal_fantasy2/chapitre4/Banal Fantasy 2 - Episode 05.mp3
Sep 05 23:51 : added audio/banal_fantasy2/chapitre4/Banal Fantasy 2 - Episode 04.mp3
Sep 05 23:51 : added audio/banal_fantasy2/chapitre4/Banal Fantasy 2 - Episode 21.mp3
Sep 05 23:51 : added audio/banal_fantasy2/chapitre4/Banal Fantasy 2 - Episode 30.mp3
Sep 05 23:51 : added audio/banal_fantasy2/chapitre4/Banal Fantasy 2 - Episode 13.mp3
Sep 05 23:51 : added audio/banal_fantasy2/chapitre4/Banal Fantasy 2 - Episode 18.mp3
Sep 05 23:51 : added audio/banal_fantasy2/chapitre4/Banal Fantasy 2 - Episode 29.mp3
Sep 05 23:51 : added audio/banal_fantasy2/chapitre2/Banal Fantasy 2 - Episode 15.mp3
Sep 05 23:51 : added audio/banal_fantasy2/chapitre2/Banal Fantasy 2 - Episode 19.mp3
Sep 05 23:51 : added audio/banal_fantasy2/chapitre2/Banal Fantasy 2 - Episode 14.mp3
Sep 05 23:51 : added audio/banal_fantasy2/chapitre2/Banal Fantasy 2 - Episode 16.mp3
Sep 05 23:51 : added audio/banal_fantasy2/chapitre2/Banal Fantasy 2 - Episode 12.mp3
Sep 05 23:51 : added audio/banal_fantasy2/chapitre2/Banal Fantasy 2 - Episode 20.mp3
Sep 05 23:51 : added audio/banal_fantasy2/chapitre2/Banal Fantasy 2 - Episode 17.mp3
Sep 05 23:51 : added audio/banal_fantasy2/chapitre2/Banal Fantasy 2 - Episode 11.mp3
Sep 05 23:51 : added audio/banal_fantasy2/chapitre2/Banal Fantasy 2 - Episode 13.mp3
Sep 05 23:51 : added audio/banal_fantasy2/chapitre2/Banal Fantasy 2 - Episode 18.mp3
Sep 05 23:51 : added audio/banal_fantasy2/chapitre1/Banal Fantasy 2 - Episode 02.mp3
Sep 05 23:51 : added audio/banal_fantasy2/chapitre1/Banal Fantasy 2 - Episode 31.mp3
Sep 05 23:51 : added audio/banal_fantasy2/chapitre1/Banal Fantasy 2 - Episode 06.mp3
Sep 05 23:51 : added audio/banal_fantasy2/chapitre1/Banal Fantasy 2 - Episode 03.mp3
Sep 05 23:51 : added audio/banal_fantasy2/chapitre1/Banal Fantasy 2 - Episode 07.mp3
Sep 05 23:51 : added audio/banal_fantasy2/chapitre1/Banal Fantasy 2 - Episode 01.mp3
Sep 05 23:51 : added audio/banal_fantasy2/chapitre1/Banal Fantasy 2 - Episode 10.mp3
Sep 05 23:51 : added audio/banal_fantasy2/chapitre1/Banal Fantasy 2 - Episode 09.mp3
Sep 05 23:51 : added audio/banal_fantasy2/chapitre1/Banal Fantasy 2 - Episode 08.mp3
Sep 05 23:51 : added audio/banal_fantasy2/chapitre1/Banal Fantasy 2 - Episode 05.mp3
Sep 05 23:51 : added audio/banal_fantasy2/chapitre1/Banal Fantasy 2 - Episode 04.mp3
Sep 05 23:51 : added audio/banal_fantasy_origins/Banal Fantasy Origins I - Episode 02 - The Princess.mp3
Sep 05 23:51 : added audio/banal_fantasy_origins/Banal Fantasy Origins I - Episode 01 - The Prelude.mp3
Sep 05 23:51 : added audio/banal_fantasy_origins/Banal Fantasy Origins I - Episode 03 - Mayote.mp3
Sep 05 23:51 : added audio/banal_fantasy/chapitre6/Banal Fantasy - Episode 42.mp3
Sep 05 23:51 : added audio/banal_fantasy/chapitre6/Banal Fantasy - Episode 46.mp3
Sep 05 23:51 : added audio/banal_fantasy/chapitre6/Banal Fantasy - Episode 45.mp3
Sep 05 23:51 : added audio/banal_fantasy/chapitre6/Banal Fantasy - Episode 44.mp3
Sep 05 23:51 : added audio/banal_fantasy/chapitre6/Banal Fantasy - Episode 43.mp3
Sep 05 23:51 : added audio/banal_fantasy/chapitre3/Banal Fantasy - Episode 24.mp3
Sep 05 23:51 : added audio/banal_fantasy/chapitre3/Banal Fantasy - Episode 19.mp3
Sep 05 23:51 : added audio/banal_fantasy/chapitre3/Banal Fantasy - Episode 21.mp3
Sep 05 23:51 : added audio/banal_fantasy/chapitre3/Banal Fantasy - Episode 20.mp3
Sep 05 23:51 : added audio/banal_fantasy/chapitre3/Banal Fantasy - Episode 23.mp3
Sep 05 23:51 : added audio/banal_fantasy/chapitre3/Banal Fantasy - Episode 26.mp3
Sep 05 23:51 : added audio/banal_fantasy/chapitre3/Banal Fantasy - Episode 27.mp3
Sep 05 23:51 : added audio/banal_fantasy/chapitre3/Banal Fantasy - Episode 25.mp3
Sep 05 23:51 : added audio/banal_fantasy/chapitre3/Banal Fantasy - Episode 22.mp3
Sep 05 23:51 : added audio/banal_fantasy/chapitre4/Banal Fantasy - Episode 32.mp3
Sep 05 23:51 : added audio/banal_fantasy/chapitre4/Banal Fantasy - Episode 30.mp3
Sep 05 23:51 : added audio/banal_fantasy/chapitre4/Banal Fantasy - Episode 28.mp3
Sep 05 23:51 : added audio/banal_fantasy/chapitre4/Banal Fantasy - Episode 29.mp3
Sep 05 23:51 : added audio/banal_fantasy/chapitre4/Banal Fantasy - Episode 31.mp3
Sep 05 23:51 : added audio/banal_fantasy/chapitre5/Banal Fantasy - Episode 35.mp3
Sep 05 23:51 : added audio/banal_fantasy/chapitre5/Banal Fantasy - Episode 40.mp3
Sep 05 23:51 : added audio/banal_fantasy/chapitre5/Banal Fantasy - Episode 33.mp3
Sep 05 23:51 : added audio/banal_fantasy/chapitre5/Banal Fantasy - Episode 39.mp3
Sep 05 23:51 : added audio/banal_fantasy/chapitre5/Banal Fantasy - Episode 34.mp3
Sep 05 23:51 : added audio/banal_fantasy/chapitre5/Banal Fantasy - Episode 36.mp3
Sep 05 23:51 : added audio/banal_fantasy/chapitre5/Banal Fantasy - Episode 38.mp3
Sep 05 23:51 : added audio/banal_fantasy/chapitre5/Banal Fantasy - Episode 37.mp3
Sep 05 23:51 : added audio/banal_fantasy/chapitre5/Banal Fantasy - Episode 41.mp3
Sep 05 23:51 : added audio/banal_fantasy/chapitre2/Banal Fantasy - Episode 15.mp3
Sep 05 23:51 : added audio/banal_fantasy/chapitre2/Banal Fantasy - Episode 13.mp3
Sep 05 23:51 : added audio/banal_fantasy/chapitre2/Banal Fantasy - Episode 10.mp3
Sep 05 23:51 : added audio/banal_fantasy/chapitre2/Banal Fantasy - Episode 17.mp3
Sep 05 23:51 : added audio/banal_fantasy/chapitre2/Banal Fantasy - Episode 11.mp3
Sep 05 23:51 : added audio/banal_fantasy/chapitre2/Banal Fantasy - Episode 16.mp3
Sep 05 23:51 : added audio/banal_fantasy/chapitre2/Banal Fantasy - Episode 14.mp3
Sep 05 23:51 : added audio/banal_fantasy/chapitre2/Banal Fantasy - Episode 18.mp3
Sep 05 23:51 : added audio/banal_fantasy/chapitre2/Banal Fantasy - Episode 12.mp3
Sep 05 23:51 : added audio/banal_fantasy/chapitre1/Banal Fantasy - Episode 08.mp3
Sep 05 23:51 : added audio/banal_fantasy/chapitre1/Banal Fantasy - Episode 02.mp3
Sep 05 23:51 : added audio/banal_fantasy/chapitre1/Banal Fantasy - Episode 07.mp3
Sep 05 23:51 : added audio/banal_fantasy/chapitre1/Banal Fantasy - Episode 06.mp3
Sep 05 23:51 : added audio/banal_fantasy/chapitre1/Banal Fantasy - Episode 09.mp3
Sep 05 23:51 : added audio/banal_fantasy/chapitre1/Banal Fantasy - Episode 05.mp3
Sep 05 23:51 : added audio/banal_fantasy/chapitre1/Banal Fantasy - Episode 04.mp3
Sep 05 23:51 : added audio/banal_fantasy/chapitre1/Banal Fantasy - Episode 01.mp3
Sep 05 23:51 : added audio/banal_fantasy/chapitre1/Banal Fantasy - Episode 03.mp3
Sep 05 23:51 : added audio/banal_fantasy_doc/Banal Fantasy - Dirge of Cerberus - Episode 04.mp3
Sep 05 23:51 : added audio/banal_fantasy_doc/Banal Fantasy - Dirge of Cerberus - Teaser.mp3
Sep 05 23:51 : added audio/banal_fantasy_doc/Banal Fantasy - Dirge of Cerberus - Bande Annonce.mp3
Sep 05 23:51 : added audio/banal_fantasy_doc/Banal Fantasy - Dirge of Cerberus - Episode 02.mp3
Sep 05 23:51 : added audio/banal_fantasy_doc/Banal Fantasy - Dirge of Cerberus - Episode 03.mp3
Sep 05 23:51 : added audio/banal_fantasy_doc/Banal Fantasy - Dirge of Cerberus - Episode 01.mp3
Sep 10 12:27 : added audio/kadelfek/Taverne-de-Kadelfek-episode_06.mp3
Sep 10 12:27 : added audio/kadelfek/Taverne-de-Kadelfek-episode_04.mp3
Sep 10 12:27 : added audio/kadelfek/Taverne-de-Kadelfek-episode_09.mp3
Sep 10 12:27 : added audio/kadelfek/Taverne-de-Kadelfek-episode_12.mp3
Sep 10 12:27 : added audio/kadelfek/Taverne-de-Kadelfek-episode_11.mp3
Sep 10 12:27 : added audio/kadelfek/Taverne-de-Kadelfek-episode_03.mp3
Sep 10 12:27 : added audio/kadelfek/Taverne-de-Kadelfek-episode_02.mp3
Sep 10 12:27 : added audio/kadelfek/Taverne-de-Kadelfek-episode_01.mp3
Sep 10 12:27 : added audio/kadelfek/Taverne-de-Kadelfek-episode_08.mp3
Sep 10 12:27 : added audio/kadelfek/Taverne-de-Kadelfek-episode_07.mp3
Sep 10 12:27 : added audio/kadelfek/Taverne-de-Kadelfek-episode_05.mp3
Sep 10 12:27 : added audio/kadelfek/Taverne-de-Kadelfek-episode_10.mp3
